DEBUG http-nio-8080-exec-2 com.rbc.stock.controller.StockDataController - Entering StockDataController.displayHomePage()
DEBUG http-nio-8080-exec-2 com.rbc.stock.controller.StockDataController - Exiting StockDataController.displayHomePage()
DEBUG http-nio-8080-exec-4 com.rbc.stock.controller.StockDataController - Entering StockDataController.displayStockForm()
DEBUG http-nio-8080-exec-4 com.rbc.stock.controller.StockDataController - Exiting StockDataController.displayStockForm()
DEBUG http-nio-8080-exec-3 com.rbc.stock.controller.StockDataController - Entering StockDataController.saveStockData()
DEBUG http-nio-8080-exec-1 com.rbc.stock.controller.StockDataController - Entering StockDataController.displayHomePage()
DEBUG http-nio-8080-exec-1 com.rbc.stock.controller.StockDataController - Exiting StockDataController.displayHomePage()
DEBUG http-nio-8080-exec-3 com.rbc.stock.controller.StockDataController - Entering StockDataController.getStockDetailsForQuarter()
DEBUG http-nio-8080-exec-3 com.rbc.stock.controller.StockDataController - Exiting StockDataController.getStockDetailsForQuarter()
DEBUG http-nio-8080-exec-4 com.rbc.stock.controller.StockDataController - Entering StockDataController.displayHomePage()
DEBUG http-nio-8080-exec-4 com.rbc.stock.controller.StockDataController - Exiting StockDataController.displayHomePage()
DEBUG http-nio-8080-exec-5 com.rbc.stock.controller.StockDataController - Entering StockDataController.displayStockForm()
DEBUG http-nio-8080-exec-5 com.rbc.stock.controller.StockDataController - Exiting StockDataController.displayStockForm()
DEBUG http-nio-8080-exec-8 com.rbc.stock.controller.StockDataController - Entering StockDataController.displayHomePage()
DEBUG http-nio-8080-exec-8 com.rbc.stock.controller.StockDataController - Exiting StockDataController.displayHomePage()
DEBUG http-nio-8080-exec-9 com.rbc.stock.controller.StockDataController - Entering StockDataController.displayStockForm()
DEBUG http-nio-8080-exec-9 com.rbc.stock.controller.StockDataController - Exiting StockDataController.displayStockForm()
DEBUG http-nio-8080-exec-10 com.rbc.stock.controller.StockDataController - Entering StockDataController.saveStockData()
DEBUG http-nio-8080-exec-2 com.rbc.stock.controller.StockDataController - Entering StockDataController.saveStockData()
DEBUG http-nio-8080-exec-1 com.rbc.stock.controller.StockDataController - Entering StockDataController.saveStockData()
DEBUG http-nio-8080-exec-2 com.rbc.stock.controller.StockDataController - Entering StockDataController.saveStockData()
DEBUG http-nio-8080-exec-3 com.rbc.stock.controller.StockDataController - Entering StockDataController.saveStockData()
DEBUG http-nio-8080-exec-3 com.rbc.stock.controller.StockDataController - Exiting StockDataController.saveStockData()
DEBUG http-nio-8080-exec-5 com.rbc.stock.controller.StockDataController - Entering StockDataController.saveStockData()
DEBUG http-nio-8080-exec-5 com.rbc.stock.controller.StockDataController - Exiting StockDataController.saveStockData()
DEBUG http-nio-8080-exec-1 com.rbc.stock.controller.StockDataController - Entering StockDataController.displayHomePage()
DEBUG http-nio-8080-exec-2 com.rbc.stock.controller.StockDataController - Entering StockDataController.displayHomePage()
DEBUG http-nio-8080-exec-1 com.rbc.stock.controller.StockDataController - Entering StockDataController.displayHomePage()
DEBUG http-nio-8080-exec-1 com.rbc.stock.controller.StockDataController - Exiting StockDataController.displayHomePage()
DEBUG http-nio-8080-exec-2 com.rbc.stock.controller.StockDataController - Entering StockDataController.getStockDetailsForQuarter()
DEBUG http-nio-8080-exec-2 com.rbc.stock.controller.StockDataController - Exiting StockDataController.getStockDetailsForQuarter()
DEBUG http-nio-8080-exec-1 com.rbc.stock.controller.StockDataController - Entering StockDataController.displayHomePage()
DEBUG http-nio-8080-exec-1 com.rbc.stock.controller.StockDataController - Exiting StockDataController.displayHomePage()
DEBUG http-nio-8080-exec-2 com.rbc.stock.controller.StockDataController - Entering StockDataController.getStockDetailsForQuarter()
DEBUG http-nio-8080-exec-2 com.rbc.stock.controller.StockDataController - Exiting StockDataController.getStockDetailsForQuarter()
DEBUG http-nio-8080-exec-3 com.rbc.stock.controller.StockDataController - Entering StockDataController.getStockDetailsForQuarter()
DEBUG http-nio-8080-exec-1 com.rbc.stock.controller.StockDataController - Entering StockDataController.displayHomePage()
DEBUG http-nio-8080-exec-1 com.rbc.stock.controller.StockDataController - Exiting StockDataController.displayHomePage()
DEBUG http-nio-8080-exec-2 com.rbc.stock.controller.StockDataController - Entering StockDataController.getStockDetailsForQuarter()
DEBUG http-nio-8080-exec-2 com.rbc.stock.controller.StockDataController - Exiting StockDataController.getStockDetailsForQuarter()
DEBUG http-nio-8080-exec-3 com.rbc.stock.controller.StockDataController - Entering StockDataController.getStockDetailsForQuarter()
DEBUG http-nio-8080-exec-3 com.rbc.stock.controller.StockDataController - Exiting StockDataController.getStockDetailsForQuarter()
DEBUG http-nio-8080-exec-4 com.rbc.stock.controller.StockDataController - Entering StockDataController.getStockDetailsForQuarter()
DEBUG http-nio-8080-exec-4 com.rbc.stock.controller.StockDataController - Exiting StockDataController.getStockDetailsForQuarter()
DEBUG http-nio-8080-exec-7 com.rbc.stock.controller.StockDataController - Entering StockDataController.displayHomePage()
DEBUG http-nio-8080-exec-7 com.rbc.stock.controller.StockDataController - Exiting StockDataController.displayHomePage()
DEBUG http-nio-8080-exec-8 com.rbc.stock.controller.StockDataController - Entering StockDataController.getStockDetailsForQuarter()
DEBUG http-nio-8080-exec-8 com.rbc.stock.controller.StockDataController - Exiting StockDataController.getStockDetailsForQuarter()
DEBUG http-nio-8080-exec-9 com.rbc.stock.controller.StockDataController - Entering StockDataController.getStockDetailsForQuarter()
DEBUG http-nio-8080-exec-9 com.rbc.stock.controller.StockDataController - Exiting StockDataController.getStockDetailsForQuarter()
DEBUG http-nio-8080-exec-10 com.rbc.stock.controller.StockDataController - Entering StockDataController.saveBulkData()
DEBUG http-nio-8080-exec-10 com.rbc.stock.controller.StockDataController - Exiting StockDataController.saveBulkData()
DEBUG http-nio-8080-exec-1 com.rbc.stock.controller.StockDataController - Entering StockDataController.getStockDetailsForQuarter()
DEBUG http-nio-8080-exec-1 com.rbc.stock.controller.StockDataController - Exiting StockDataController.getStockDetailsForQuarter()
DEBUG http-nio-8080-exec-2 com.rbc.stock.controller.StockDataController - Entering StockDataController.getStockDetailsForQuarter()
DEBUG http-nio-8080-exec-2 com.rbc.stock.controller.StockDataController - Exiting StockDataController.getStockDetailsForQuarter()
DEBUG http-nio-8080-exec-5 com.rbc.stock.controller.StockDataController - Entering StockDataController.displayStockForm()
DEBUG http-nio-8080-exec-5 com.rbc.stock.controller.StockDataController - Exiting StockDataController.displayStockForm()
DEBUG http-nio-8080-exec-6 com.rbc.stock.controller.StockDataController - Entering StockDataController.saveStockData()
DEBUG http-nio-8080-exec-6 com.rbc.stock.controller.StockDataController - Exiting StockDataController.saveStockData()
DEBUG http-nio-8080-exec-8 com.rbc.stock.controller.StockDataController - Entering StockDataController.displayHomePage()
DEBUG http-nio-8080-exec-8 com.rbc.stock.controller.StockDataController - Exiting StockDataController.displayHomePage()
DEBUG http-nio-8080-exec-9 com.rbc.stock.controller.StockDataController - Entering StockDataController.displayStockForm()
DEBUG http-nio-8080-exec-9 com.rbc.stock.controller.StockDataController - Exiting StockDataController.displayStockForm()
DEBUG http-nio-8080-exec-2 com.rbc.stock.controller.StockDataController - Entering StockDataController.displayHomePage()
DEBUG http-nio-8080-exec-2 com.rbc.stock.controller.StockDataController - Exiting StockDataController.displayHomePage()
DEBUG http-nio-8080-exec-3 com.rbc.stock.controller.StockDataController - Entering StockDataController.getStockDetailsForQuarter()
DEBUG http-nio-8080-exec-3 com.rbc.stock.controller.StockDataController - Exiting StockDataController.getStockDetailsForQuarter()
DEBUG http-nio-8080-exec-1 com.rbc.stock.controller.StockDataController - Entering StockDataController.displayHomePage()
DEBUG http-nio-8080-exec-1 com.rbc.stock.controller.StockDataController - Exiting StockDataController.displayHomePage()
DEBUG http-nio-8080-exec-2 com.rbc.stock.controller.StockDataController - Entering StockDataController.getStockDetailsForQuarter()
DEBUG http-nio-8080-exec-2 com.rbc.stock.controller.StockDataController - Exiting StockDataController.getStockDetailsForQuarter()
DEBUG http-nio-8080-exec-5 com.rbc.stock.controller.StockDataController - Entering StockDataController.getStockDetailsForQuarter()
DEBUG http-nio-8080-exec-5 com.rbc.stock.controller.StockDataController - Exiting StockDataController.getStockDetailsForQuarter()
DEBUG http-nio-8080-exec-6 com.rbc.stock.controller.StockDataController - Entering StockDataController.displayStockForm()
DEBUG http-nio-8080-exec-6 com.rbc.stock.controller.StockDataController - Exiting StockDataController.displayStockForm()
DEBUG http-nio-8080-exec-7 com.rbc.stock.controller.StockDataController - Entering StockDataController.saveStockData()
DEBUG http-nio-8080-exec-7 com.rbc.stock.controller.StockDataController - Exiting StockDataController.saveStockData()
DEBUG http-nio-8080-exec-2 com.rbc.stock.controller.StockDataController - Entering StockDataController.displayHomePage()
DEBUG http-nio-8080-exec-2 com.rbc.stock.controller.StockDataController - Exiting StockDataController.displayHomePage()
DEBUG http-nio-8080-exec-1 com.rbc.stock.controller.StockDataController - Entering StockDataController.saveStockData()
DEBUG http-nio-8080-exec-4 com.rbc.stock.controller.StockDataController - Entering StockDataController.saveStockData()
DEBUG http-nio-8080-exec-5 com.rbc.stock.controller.StockDataController - Entering StockDataController.saveStockData()
DEBUG http-nio-8080-exec-5 com.rbc.stock.controller.StockDataController - Exiting StockDataController.saveStockData()
DEBUG http-nio-8080-exec-8 com.rbc.stock.controller.StockDataController - Entering StockDataController.saveStockData()
DEBUG http-nio-8080-exec-8 com.rbc.stock.controller.StockDataController - Exiting StockDataController.saveStockData()
DEBUG http-nio-8080-exec-9 com.rbc.stock.controller.StockDataController - Entering StockDataController.getStockDetailsForQuarter()
DEBUG http-nio-8080-exec-9 com.rbc.stock.controller.StockDataController - Exiting StockDataController.getStockDetailsForQuarter()
DEBUG http-nio-8080-exec-2 com.rbc.stock.controller.StockDataController - Entering StockDataController.getStockDetailsForQuarter()
DEBUG http-nio-8080-exec-2 com.rbc.stock.controller.StockDataController - Exiting StockDataController.getStockDetailsForQuarter()
DEBUG http-nio-8080-exec-1 com.rbc.stock.controller.StockDataController - Entering StockDataController.getStockDetailsForQuarter()
DEBUG http-nio-8080-exec-1 com.rbc.stock.controller.StockDataController - Exiting StockDataController.getStockDetailsForQuarter()
DEBUG http-nio-8080-exec-3 com.rbc.stock.controller.StockDataController - Entering StockDataController.getStockDetailsForQuarter()
DEBUG http-nio-8080-exec-3 com.rbc.stock.controller.StockDataController - Exiting StockDataController.getStockDetailsForQuarter()
DEBUG http-nio-8080-exec-4 com.rbc.stock.controller.StockDataController - Entering StockDataController.saveStockData()
DEBUG http-nio-8080-exec-4 com.rbc.stock.controller.StockDataController - Exiting StockDataController.saveStockData()
DEBUG http-nio-8080-exec-1 com.rbc.stock.controller.StockDataController - Entering StockDataController.displayHomePage()
DEBUG http-nio-8080-exec-1 com.rbc.stock.controller.StockDataController - Exiting StockDataController.displayHomePage()
DEBUG http-nio-8080-exec-2 com.rbc.stock.controller.StockDataController - Entering StockDataController.getStockDetailsForQuarter()
DEBUG http-nio-8080-exec-2 com.rbc.stock.controller.StockDataController - Exiting StockDataController.getStockDetailsForQuarter()
DEBUG http-nio-8080-exec-3 com.rbc.stock.controller.StockDataController - Entering StockDataController.displayStockForm()
DEBUG http-nio-8080-exec-3 com.rbc.stock.controller.StockDataController - Exiting StockDataController.displayStockForm()
DEBUG http-nio-8080-exec-1 com.rbc.stock.controller.StockDataController - Entering StockDataController.displayHomePage()
DEBUG http-nio-8080-exec-1 com.rbc.stock.controller.StockDataController - Exiting StockDataController.displayHomePage()
DEBUG http-nio-8080-exec-2 com.rbc.stock.controller.StockDataController - Entering StockDataController.displayHomePage()
DEBUG http-nio-8080-exec-2 com.rbc.stock.controller.StockDataController - Exiting StockDataController.displayHomePage()
DEBUG http-nio-8080-exec-3 com.rbc.stock.controller.StockDataController - Entering StockDataController.displayStockForm()
DEBUG http-nio-8080-exec-3 com.rbc.stock.controller.StockDataController - Exiting StockDataController.displayStockForm()
DEBUG http-nio-8080-exec-4 com.rbc.stock.controller.StockDataController - Entering StockDataController.displayHomePage()
DEBUG http-nio-8080-exec-4 com.rbc.stock.controller.StockDataController - Exiting StockDataController.displayHomePage()
DEBUG http-nio-8080-exec-5 com.rbc.stock.controller.StockDataController - Entering StockDataController.getStockDetailsForQuarter()
DEBUG http-nio-8080-exec-5 com.rbc.stock.controller.StockDataController - Exiting StockDataController.getStockDetailsForQuarter()
DEBUG http-nio-8080-exec-6 com.rbc.stock.controller.StockDataController - Entering StockDataController.getStockDetailsForQuarter()
DEBUG http-nio-8080-exec-6 com.rbc.stock.controller.StockDataController - Exiting StockDataController.getStockDetailsForQuarter()
DEBUG http-nio-8080-exec-8 com.rbc.stock.controller.StockDataController - Entering StockDataController.displayStockForm()
DEBUG http-nio-8080-exec-8 com.rbc.stock.controller.StockDataController - Exiting StockDataController.displayStockForm()
DEBUG http-nio-8080-exec-2 com.rbc.stock.controller.StockDataController - Entering StockDataController.saveStockData()
DEBUG http-nio-8080-exec-2 com.rbc.stock.controller.StockDataController - Exiting StockDataController.saveStockData()
DEBUG http-nio-8080-exec-1 com.rbc.stock.controller.StockDataController - Entering StockDataController.displayHomePage()
DEBUG http-nio-8080-exec-1 com.rbc.stock.controller.StockDataController - Exiting StockDataController.displayHomePage()
DEBUG http-nio-8080-exec-3 com.rbc.stock.controller.StockDataController - Entering StockDataController.getStockDetailsForQuarter()
DEBUG http-nio-8080-exec-3 com.rbc.stock.controller.StockDataController - Exiting StockDataController.getStockDetailsForQuarter()
DEBUG http-nio-8080-exec-4 com.rbc.stock.controller.StockDataController - Entering StockDataController.getStockDetailsForQuarter()
DEBUG http-nio-8080-exec-4 com.rbc.stock.controller.StockDataController - Exiting StockDataController.getStockDetailsForQuarter()
DEBUG http-nio-8080-exec-5 com.rbc.stock.controller.StockDataController - Entering StockDataController.getStockDetailsForQuarter()
DEBUG http-nio-8080-exec-5 com.rbc.stock.controller.StockDataController - Exiting StockDataController.getStockDetailsForQuarter()
DEBUG http-nio-8080-exec-6 com.rbc.stock.controller.StockDataController - Entering StockDataController.getStockDetailsForQuarter()
DEBUG http-nio-8080-exec-6 com.rbc.stock.controller.StockDataController - Exiting StockDataController.getStockDetailsForQuarter()
DEBUG http-nio-8080-exec-8 com.rbc.stock.controller.StockDataController - Entering StockDataController.displayStockForm()
DEBUG http-nio-8080-exec-8 com.rbc.stock.controller.StockDataController - Exiting StockDataController.displayStockForm()
DEBUG http-nio-8080-exec-2 com.rbc.stock.controller.StockDataController - Entering StockDataController.saveStockData()
DEBUG http-nio-8080-exec-2 com.rbc.stock.controller.StockDataController - Exiting StockDataController.saveStockData()
DEBUG http-nio-8080-exec-1 com.rbc.stock.controller.StockDataController - Entering StockDataController.displayHomePage()
DEBUG http-nio-8080-exec-1 com.rbc.stock.controller.StockDataController - Exiting StockDataController.displayHomePage()
DEBUG http-nio-8080-exec-3 com.rbc.stock.controller.StockDataController - Entering StockDataController.saveBulkData()
DEBUG http-nio-8080-exec-3 com.rbc.stock.controller.StockDataController - Exiting StockDataController.saveBulkData()
DEBUG http-nio-8080-exec-4 com.rbc.stock.controller.StockDataController - Entering StockDataController.displayHomePage()
DEBUG http-nio-8080-exec-4 com.rbc.stock.controller.StockDataController - Exiting StockDataController.displayHomePage()
DEBUG http-nio-8080-exec-5 com.rbc.stock.controller.StockDataController - Entering StockDataController.displayStockForm()
DEBUG http-nio-8080-exec-5 com.rbc.stock.controller.StockDataController - Exiting StockDataController.displayStockForm()
DEBUG http-nio-8080-exec-6 com.rbc.stock.controller.StockDataController - Entering StockDataController.displayHomePage()
DEBUG http-nio-8080-exec-6 com.rbc.stock.controller.StockDataController - Exiting StockDataController.displayHomePage()
DEBUG http-nio-8080-exec-7 com.rbc.stock.controller.StockDataController - Entering StockDataController.getStockDetailsForQuarter()
DEBUG http-nio-8080-exec-7 com.rbc.stock.controller.StockDataController - Exiting StockDataController.getStockDetailsForQuarter()
DEBUG http-nio-8080-exec-8 com.rbc.stock.controller.StockDataController - Entering StockDataController.getStockDetailsForQuarter()
DEBUG http-nio-8080-exec-8 com.rbc.stock.controller.StockDataController - Exiting StockDataController.getStockDetailsForQuarter()
DEBUG http-nio-8080-exec-10 com.rbc.stock.controller.StockDataController - Entering StockDataController.getStockDetailsForQuarter()
DEBUG http-nio-8080-exec-10 com.rbc.stock.controller.StockDataController - Exiting StockDataController.getStockDetailsForQuarter()
DEBUG http-nio-8080-exec-2 com.rbc.stock.controller.StockDataController - Entering StockDataController.getStockDetailsForQuarter()
DEBUG http-nio-8080-exec-2 com.rbc.stock.controller.StockDataController - Exiting StockDataController.getStockDetailsForQuarter()
DEBUG http-nio-8080-exec-1 com.rbc.stock.controller.StockDataController - Entering StockDataController.displayHomePage()
DEBUG http-nio-8080-exec-1 com.rbc.stock.controller.StockDataController - Exiting StockDataController.displayHomePage()
DEBUG http-nio-8080-exec-5 com.rbc.stock.controller.StockDataController - Entering StockDataController.displayStockForm()
DEBUG http-nio-8080-exec-5 com.rbc.stock.controller.StockDataController - Exiting StockDataController.displayStockForm()
DEBUG http-nio-8080-exec-6 com.rbc.stock.controller.StockDataController - Entering StockDataController.displayHomePage()
DEBUG http-nio-8080-exec-6 com.rbc.stock.controller.StockDataController - Exiting StockDataController.displayHomePage()
DEBUG http-nio-8080-exec-10 com.rbc.stock.controller.StockDataController - Entering StockDataController.displayStockForm()
DEBUG http-nio-8080-exec-10 com.rbc.stock.controller.StockDataController - Exiting StockDataController.displayStockForm()
DEBUG http-nio-8080-exec-9 com.rbc.stock.controller.StockDataController - Entering StockDataController.displayHomePage()
DEBUG http-nio-8080-exec-9 com.rbc.stock.controller.StockDataController - Exiting StockDataController.displayHomePage()
DEBUG http-nio-8080-exec-2 com.rbc.stock.controller.StockDataController - Entering StockDataController.displayStockForm()
DEBUG http-nio-8080-exec-2 com.rbc.stock.controller.StockDataController - Exiting StockDataController.displayStockForm()
DEBUG http-nio-8080-exec-1 com.rbc.stock.controller.StockDataController - Entering StockDataController.getStockDetailsForQuarter()
DEBUG http-nio-8080-exec-1 com.rbc.stock.controller.StockDataController - Exiting StockDataController.getStockDetailsForQuarter()
DEBUG http-nio-8080-exec-4 com.rbc.stock.controller.StockDataController - Entering StockDataController.displayStockForm()
DEBUG http-nio-8080-exec-4 com.rbc.stock.controller.StockDataController - Exiting StockDataController.displayStockForm()
DEBUG http-nio-8080-exec-5 com.rbc.stock.controller.StockDataController - Entering StockDataController.saveStockData()
DEBUG http-nio-8080-exec-1 com.rbc.stock.controller.StockDataController - Entering StockDataController.displayHomePage()
DEBUG http-nio-8080-exec-1 com.rbc.stock.controller.StockDataController - Exiting StockDataController.displayHomePage()
DEBUG http-nio-8080-exec-2 com.rbc.stock.controller.StockDataController - Entering StockDataController.getStockDetailsForQuarter()
DEBUG http-nio-8080-exec-2 com.rbc.stock.controller.StockDataController - Exiting StockDataController.getStockDetailsForQuarter()
DEBUG http-nio-8080-exec-3 com.rbc.stock.controller.StockDataController - Entering StockDataController.getStockDetailsForQuarter()
DEBUG http-nio-8080-exec-3 com.rbc.stock.controller.StockDataController - Exiting StockDataController.getStockDetailsForQuarter()
DEBUG http-nio-8080-exec-4 com.rbc.stock.controller.StockDataController - Entering StockDataController.saveBulkData()
DEBUG http-nio-8080-exec-4 com.rbc.stock.controller.StockDataController - Exiting StockDataController.saveStockData()
DEBUG http-nio-8080-exec-1 com.rbc.stock.controller.StockDataController - Entering StockDataController.displayHomePage()
DEBUG http-nio-8080-exec-1 com.rbc.stock.controller.StockDataController - Exiting StockDataController.displayHomePage()
DEBUG http-nio-8080-exec-2 com.rbc.stock.controller.StockDataController - Entering StockDataController.displayHomePage()
DEBUG http-nio-8080-exec-2 com.rbc.stock.controller.StockDataController - Exiting StockDataController.displayHomePage()
DEBUG http-nio-8080-exec-3 com.rbc.stock.controller.StockDataController - Entering StockDataController.getStockDetailsForQuarter()
DEBUG http-nio-8080-exec-3 com.rbc.stock.controller.StockDataController - Exiting StockDataController.getStockDetailsForQuarter()
DEBUG http-nio-8080-exec-4 com.rbc.stock.controller.StockDataController - Entering StockDataController.saveBulkData()
DEBUG http-nio-8080-exec-4 com.rbc.stock.controller.StockDataController - Exiting StockDataController.saveStockData()
DEBUG http-nio-8080-exec-5 com.rbc.stock.controller.StockDataController - Entering StockDataController.getStockDetailsForQuarter()
DEBUG http-nio-8080-exec-5 com.rbc.stock.controller.StockDataController - Exiting StockDataController.getStockDetailsForQuarter()
DEBUG http-nio-8080-exec-6 com.rbc.stock.controller.StockDataController - Entering StockDataController.getStockDetailsForQuarter()
DEBUG http-nio-8080-exec-6 com.rbc.stock.controller.StockDataController - Exiting StockDataController.getStockDetailsForQuarter()
DEBUG http-nio-8080-exec-8 com.rbc.stock.controller.StockDataController - Entering StockDataController.displayStockForm()
DEBUG http-nio-8080-exec-8 com.rbc.stock.controller.StockDataController - Exiting StockDataController.displayStockForm()
DEBUG http-nio-8080-exec-10 com.rbc.stock.controller.StockDataController - Entering StockDataController.saveStockData()
DEBUG http-nio-8080-exec-10 com.rbc.stock.controller.StockDataController - Exiting StockDataController.saveStockData()
DEBUG http-nio-8080-exec-1 com.rbc.stock.controller.StockDataController - Entering StockDataController.getStockDetailsForQuarter()
DEBUG http-nio-8080-exec-1 com.rbc.stock.controller.StockDataController - Exiting StockDataController.getStockDetailsForQuarter()
DEBUG http-nio-8080-exec-2 com.rbc.stock.controller.StockDataController - Entering StockDataController.getStockDetailsForQuarter()
DEBUG http-nio-8080-exec-2 com.rbc.stock.controller.StockDataController - Exiting StockDataController.getStockDetailsForQuarter()
DEBUG http-nio-8080-exec-4 com.rbc.stock.controller.StockDataController - Entering StockDataController.displayStockForm()
DEBUG http-nio-8080-exec-4 com.rbc.stock.controller.StockDataController - Exiting StockDataController.displayStockForm()
DEBUG http-nio-8080-exec-5 com.rbc.stock.controller.StockDataController - Entering StockDataController.displayStockForm()
DEBUG http-nio-8080-exec-5 com.rbc.stock.controller.StockDataController - Exiting StockDataController.displayStockForm()
DEBUG http-nio-8080-exec-6 com.rbc.stock.controller.StockDataController - Entering StockDataController.saveStockData()
DEBUG http-nio-8080-exec-6 com.rbc.stock.controller.StockDataController - Exiting StockDataController.saveStockData()
DEBUG http-nio-8080-exec-8 com.rbc.stock.controller.StockDataController - Entering StockDataController.getStockDetailsForQuarter()
DEBUG http-nio-8080-exec-8 com.rbc.stock.controller.StockDataController - Exiting StockDataController.getStockDetailsForQuarter()
DEBUG http-nio-8080-exec-7 com.rbc.stock.controller.StockDataController - Entering StockDataController.getStockDetailsForQuarter()
DEBUG http-nio-8080-exec-7 com.rbc.stock.controller.StockDataController - Exiting StockDataController.getStockDetailsForQuarter()
DEBUG http-nio-8080-exec-10 com.rbc.stock.controller.StockDataController - Entering StockDataController.getStockDetailsForQuarter()
DEBUG http-nio-8080-exec-10 com.rbc.stock.controller.StockDataController - Exiting StockDataController.getStockDetailsForQuarter()
DEBUG http-nio-8080-exec-1 com.rbc.stock.controller.StockDataController - Entering StockDataController.displayHomePage()
DEBUG http-nio-8080-exec-1 com.rbc.stock.controller.StockDataController - Exiting StockDataController.displayHomePage()
DEBUG http-nio-8080-exec-2 com.rbc.stock.controller.StockDataController - Entering StockDataController.saveBulkData()
DEBUG http-nio-8080-exec-2 com.rbc.stock.controller.StockDataController - Exiting StockDataController.saveStockData()
DEBUG http-nio-8080-exec-5 com.rbc.stock.controller.StockDataController - Entering StockDataController.displayStockForm()
DEBUG http-nio-8080-exec-5 com.rbc.stock.controller.StockDataController - Exiting StockDataController.displayStockForm()
DEBUG http-nio-8080-exec-1 com.rbc.stock.controller.StockDataController - Entering StockDataController.displayHomePage()
DEBUG http-nio-8080-exec-1 com.rbc.stock.controller.StockDataController - Exiting StockDataController.displayHomePage()
DEBUG http-nio-8080-exec-3 com.rbc.stock.controller.StockDataController - Entering StockDataController.getStockDetailsForQuarter()
DEBUG http-nio-8080-exec-3 com.rbc.stock.controller.StockDataController - Exiting StockDataController.getStockDetailsForQuarter()
DEBUG http-nio-8080-exec-2 com.rbc.stock.controller.StockDataController - Entering StockDataController.saveBulkData()
DEBUG http-nio-8080-exec-2 com.rbc.stock.controller.StockDataController - Exiting StockDataController.saveStockData()
DEBUG http-nio-8080-exec-4 com.rbc.stock.controller.StockDataController - Entering StockDataController.displayStockForm()
DEBUG http-nio-8080-exec-4 com.rbc.stock.controller.StockDataController - Exiting StockDataController.displayStockForm()
DEBUG http-nio-8080-exec-1 com.rbc.stock.controller.StockDataController - Entering StockDataController.getStockDetailsForQuarter()
DEBUG http-nio-8080-exec-1 com.rbc.stock.controller.StockDataController - Exiting StockDataController.getStockDetailsForQuarter()
DEBUG http-nio-8080-exec-1 com.rbc.stock.controller.StockDataController - Entering StockDataController.getStockDetailsForQuarter()
DEBUG http-nio-8080-exec-1 com.rbc.stock.controller.StockDataController - Exiting StockDataController.getStockDetailsForQuarter()
DEBUG http-nio-8080-exec-3 com.rbc.stock.controller.StockDataController - Entering StockDataController.getStockDetailsForQuarter()
DEBUG http-nio-8080-exec-3 com.rbc.stock.controller.StockDataController - Exiting StockDataController.getStockDetailsForQuarter()
DEBUG http-nio-8080-exec-1 com.rbc.stock.controller.StockDataController - Entering StockDataController.getStockDetailsForQuarter()
DEBUG http-nio-8080-exec-1 com.rbc.stock.controller.StockDataController - Exiting StockDataController.getStockDetailsForQuarter()
DEBUG http-nio-8080-exec-1 com.rbc.stock.controller.StockDataController - Entering StockDataController.displayHomePage()
DEBUG http-nio-8080-exec-1 com.rbc.stock.controller.StockDataController - Exiting StockDataController.displayHomePage()
DEBUG http-nio-8080-exec-2 com.rbc.stock.controller.StockDataController - Entering StockDataController.displayStockForm()
DEBUG http-nio-8080-exec-2 com.rbc.stock.controller.StockDataController - Exiting StockDataController.displayStockForm()
DEBUG http-nio-8080-exec-3 com.rbc.stock.controller.StockDataController - Entering StockDataController.saveStockData()
DEBUG http-nio-8080-exec-3 com.rbc.stock.controller.StockDataController - Entering StockDataServiceImpl.insertStockData()
DEBUG http-nio-8080-exec-4 com.rbc.stock.controller.StockDataController - Entering StockDataController.getStockDetailsForQuarter()
DEBUG http-nio-8080-exec-4 com.rbc.stock.controller.StockDataController - Exiting StockDataController.getStockDetailsForQuarter()
DEBUG http-nio-8080-exec-5 com.rbc.stock.controller.StockDataController - Entering StockDataController.saveBulkData()
DEBUG http-nio-8080-exec-5 com.rbc.stock.controller.StockDataController - Entering StockDataDaoImpl.uploadBulkData()
DEBUG http-nio-8080-exec-5 com.rbc.stock.controller.StockDataController - Exiting StockDataDaoImpl.uploadBulkData()
DEBUG http-nio-8080-exec-5 com.rbc.stock.controller.StockDataController - Exiting StockDataController.saveStockData()
DEBUG http-nio-8080-exec-6 com.rbc.stock.controller.StockDataController - Entering StockDataController.saveBulkData()
DEBUG http-nio-8080-exec-6 com.rbc.stock.controller.StockDataController - Entering StockDataDaoImpl.uploadBulkData()
ERROR http-nio-8080-exec-6 com.rbc.stock.controller.StockDataController - [Ljava.lang.StackTraceElement;@3c09ade9
DEBUG http-nio-8080-exec-6 com.rbc.stock.controller.StockDataController - Exiting StockDataController.saveStockData()
DEBUG http-nio-8080-exec-1 com.rbc.stock.controller.StockDataController - Entering StockDataController.displayHomePage()
DEBUG http-nio-8080-exec-1 com.rbc.stock.controller.StockDataController - Exiting StockDataController.displayHomePage()
DEBUG http-nio-8080-exec-2 com.rbc.stock.controller.StockDataController - Entering StockDataController.displayStockForm()
DEBUG http-nio-8080-exec-2 com.rbc.stock.controller.StockDataController - Exiting StockDataController.displayStockForm()
DEBUG http-nio-8080-exec-3 com.rbc.stock.controller.StockDataController - Entering StockDataController.saveStockData()
DEBUG http-nio-8080-exec-3 com.rbc.stock.controller.StockDataController - Entering StockDataServiceImpl.insertStockData()
DEBUG http-nio-8080-exec-4 com.rbc.stock.controller.StockDataController - Entering StockDataController.displayHomePage()
DEBUG http-nio-8080-exec-4 com.rbc.stock.controller.StockDataController - Exiting StockDataController.displayHomePage()
DEBUG http-nio-8080-exec-7 com.rbc.stock.controller.StockDataController - Entering StockDataController.displayStockForm()
DEBUG http-nio-8080-exec-7 com.rbc.stock.controller.StockDataController - Exiting StockDataController.displayStockForm()
DEBUG http-nio-8080-exec-8 com.rbc.stock.controller.StockDataController - Entering StockDataController.saveStockData()
DEBUG http-nio-8080-exec-8 com.rbc.stock.controller.StockDataController - Entering StockDataServiceImpl.insertStockData()
DEBUG http-nio-8080-exec-9 com.rbc.stock.controller.StockDataController - Entering StockDataController.displayHomePage()
DEBUG http-nio-8080-exec-9 com.rbc.stock.controller.StockDataController - Exiting StockDataController.displayHomePage()
DEBUG http-nio-8080-exec-10 com.rbc.stock.controller.StockDataController - Entering StockDataController.displayStockForm()
DEBUG http-nio-8080-exec-10 com.rbc.stock.controller.StockDataController - Exiting StockDataController.displayStockForm()
DEBUG http-nio-8080-exec-1 com.rbc.stock.controller.StockDataController - Entering StockDataController.saveStockData()
DEBUG http-nio-8080-exec-1 com.rbc.stock.controller.StockDataController - Entering StockDataServiceImpl.insertStockData()
DEBUG http-nio-8080-exec-2 com.rbc.stock.controller.StockDataController - Entering StockDataController.displayHomePage()
DEBUG http-nio-8080-exec-2 com.rbc.stock.controller.StockDataController - Exiting StockDataController.displayHomePage()
DEBUG http-nio-8080-exec-3 com.rbc.stock.controller.StockDataController - Entering StockDataController.displayStockForm()
DEBUG http-nio-8080-exec-3 com.rbc.stock.controller.StockDataController - Exiting StockDataController.displayStockForm()
DEBUG http-nio-8080-exec-4 com.rbc.stock.controller.StockDataController - Entering StockDataController.saveStockData()
DEBUG http-nio-8080-exec-4 com.rbc.stock.controller.StockDataController - Entering StockDataServiceImpl.insertStockData()
DEBUG http-nio-8080-exec-1 com.rbc.stock.controller.StockDataController - Entering StockDataController.displayHomePage()
DEBUG http-nio-8080-exec-1 com.rbc.stock.controller.StockDataController - Exiting StockDataController.displayHomePage()
DEBUG http-nio-8080-exec-3 com.rbc.stock.controller.StockDataController - Entering StockDataController.displayStockForm()
DEBUG http-nio-8080-exec-3 com.rbc.stock.controller.StockDataController - Exiting StockDataController.displayStockForm()
DEBUG http-nio-8080-exec-2 com.rbc.stock.controller.StockDataController - Entering StockDataController.saveStockData()
DEBUG http-nio-8080-exec-2 com.rbc.stock.controller.StockDataController - Entering StockDataServiceImpl.insertStockData()
ERROR http-nio-8080-exec-2 com.rbc.stock.controller.StockDataController - [Ljava.lang.StackTraceElement;@361c8c92
DEBUG http-nio-8080-exec-1 com.rbc.stock.controller.StockDataController - Entering StockDataController.displayHomePage()
DEBUG http-nio-8080-exec-1 com.rbc.stock.controller.StockDataController - Exiting StockDataController.displayHomePage()
DEBUG http-nio-8080-exec-2 com.rbc.stock.controller.StockDataController - Entering StockDataController.displayStockForm()
DEBUG http-nio-8080-exec-2 com.rbc.stock.controller.StockDataController - Exiting StockDataController.displayStockForm()
DEBUG http-nio-8080-exec-3 com.rbc.stock.controller.StockDataController - Entering StockDataController.saveStockData()
DEBUG http-nio-8080-exec-3 com.rbc.stock.controller.StockDataController - Entering StockDataServiceImpl.insertStockData()
ERROR http-nio-8080-exec-3 com.rbc.stock.controller.StockDataController - [Ljava.lang.StackTraceElement;@1e002e1b
DEBUG http-nio-8080-exec-1 com.rbc.stock.controller.StockDataController - Entering StockDataController.displayHomePage()
DEBUG http-nio-8080-exec-1 com.rbc.stock.controller.StockDataController - Exiting StockDataController.displayHomePage()
DEBUG http-nio-8080-exec-2 com.rbc.stock.controller.StockDataController - Entering StockDataController.displayHomePage()
DEBUG http-nio-8080-exec-2 com.rbc.stock.controller.StockDataController - Exiting StockDataController.displayHomePage()
DEBUG http-nio-8080-exec-3 com.rbc.stock.controller.StockDataController - Entering StockDataController.getStockDetailsForQuarter()
DEBUG http-nio-8080-exec-3 com.rbc.stock.controller.StockDataController - Exiting StockDataController.getStockDetailsForQuarter()
DEBUG http-nio-8080-exec-4 com.rbc.stock.controller.StockDataController - Entering StockDataController.getStockDetailsForQuarter()
DEBUG http-nio-8080-exec-4 com.rbc.stock.controller.StockDataController - Exiting StockDataController.getStockDetailsForQuarter()
DEBUG http-nio-8080-exec-5 com.rbc.stock.controller.StockDataController - Entering StockDataController.displayStockForm()
DEBUG http-nio-8080-exec-5 com.rbc.stock.controller.StockDataController - Exiting StockDataController.displayStockForm()
DEBUG http-nio-8080-exec-7 com.rbc.stock.controller.StockDataController - Entering StockDataController.saveStockData()
DEBUG http-nio-8080-exec-7 com.rbc.stock.controller.StockDataController - Entering StockDataServiceImpl.insertStockData()
ERROR http-nio-8080-exec-7 com.rbc.stock.controller.StockDataController - [Ljava.lang.StackTraceElement;@289b1376
DEBUG http-nio-8080-exec-8 com.rbc.stock.controller.StockDataController - Entering StockDataController.saveStockData()
DEBUG http-nio-8080-exec-8 com.rbc.stock.controller.StockDataController - Entering StockDataServiceImpl.insertStockData()
DEBUG http-nio-8080-exec-8 com.rbc.stock.controller.StockDataController - Exiting StockDataServiceImpl.insertStockData()
DEBUG http-nio-8080-exec-8 com.rbc.stock.controller.StockDataController - Exiting StockDataController.saveStockData()
DEBUG http-nio-8080-exec-9 com.rbc.stock.controller.StockDataController - Entering StockDataController.getStockDetailsForQuarter()
DEBUG http-nio-8080-exec-9 com.rbc.stock.controller.StockDataController - Exiting StockDataController.getStockDetailsForQuarter()
DEBUG http-nio-8080-exec-10 com.rbc.stock.controller.StockDataController - Entering StockDataController.getStockDetailsForQuarter()
DEBUG http-nio-8080-exec-10 com.rbc.stock.controller.StockDataController - Exiting StockDataController.getStockDetailsForQuarter()
DEBUG http-nio-8080-exec-1 com.rbc.stock.controller.StockDataController - Entering StockDataController.getStockDetailsForQuarter()
DEBUG http-nio-8080-exec-1 com.rbc.stock.controller.StockDataController - Exiting StockDataController.getStockDetailsForQuarter()
DEBUG http-nio-8080-exec-2 com.rbc.stock.controller.StockDataController - Entering StockDataController.saveBulkData()
DEBUG http-nio-8080-exec-2 com.rbc.stock.controller.StockDataController - Entering StockDataDaoImpl.uploadBulkData()
DEBUG http-nio-8080-exec-2 com.rbc.stock.controller.StockDataController - Exiting StockDataDaoImpl.uploadBulkData()
DEBUG http-nio-8080-exec-2 com.rbc.stock.controller.StockDataController - Exiting StockDataController.saveStockData()
DEBUG http-nio-8080-exec-3 com.rbc.stock.controller.StockDataController - Entering StockDataController.saveBulkData()
DEBUG http-nio-8080-exec-3 com.rbc.stock.controller.StockDataController - Entering StockDataDaoImpl.uploadBulkData()
DEBUG http-nio-8080-exec-3 com.rbc.stock.controller.StockDataController - Exiting StockDataDaoImpl.uploadBulkData()
DEBUG http-nio-8080-exec-3 com.rbc.stock.controller.StockDataController - Exiting StockDataController.saveStockData()
DEBUG http-nio-8080-exec-4 com.rbc.stock.controller.StockDataController - Entering StockDataController.getStockDetailsForQuarter()
DEBUG http-nio-8080-exec-4 com.rbc.stock.controller.StockDataController - Exiting StockDataController.getStockDetailsForQuarter()
DEBUG http-nio-8080-exec-7 com.rbc.stock.controller.StockDataController - Entering StockDataController.getStockDetailsForQuarter()
DEBUG http-nio-8080-exec-7 com.rbc.stock.controller.StockDataController - Exiting StockDataController.getStockDetailsForQuarter()
DEBUG http-nio-8080-exec-1 com.rbc.stock.controller.StockDataController - Entering StockDataController.displayHomePage()
DEBUG http-nio-8080-exec-1 com.rbc.stock.controller.StockDataController - Exiting StockDataController.displayHomePage()
DEBUG http-nio-8080-exec-2 com.rbc.stock.controller.StockDataController - Entering StockDataController.displayHomePage()
DEBUG http-nio-8080-exec-2 com.rbc.stock.controller.StockDataController - Exiting StockDataController.displayHomePage()
DEBUG http-nio-8080-exec-1 com.rbc.stock.controller.StockDataController - Entering StockDataController.displayHomePage()
DEBUG http-nio-8080-exec-1 com.rbc.stock.controller.StockDataController - Exiting StockDataController.displayHomePage()
DEBUG http-nio-8080-exec-2 com.rbc.stock.controller.StockDataController - Entering StockDataController.saveBulkData()
DEBUG http-nio-8080-exec-2 com.rbc.stock.controller.StockDataController - Entering StockDataDaoImpl.uploadBulkData()
ERROR http-nio-8080-exec-2 com.rbc.stock.controller.StockDataController - [Ljava.lang.StackTraceElement;@db11178
DEBUG http-nio-8080-exec-2 com.rbc.stock.controller.StockDataController - Exiting StockDataController.saveStockData()
DEBUG http-nio-8080-exec-6 com.rbc.stock.controller.StockDataController - Entering StockDataController.displayHomePage()
DEBUG http-nio-8080-exec-6 com.rbc.stock.controller.StockDataController - Exiting StockDataController.displayHomePage()
DEBUG http-nio-8080-exec-1 com.rbc.stock.controller.StockDataController - Entering StockDataController.displayHomePage()
DEBUG http-nio-8080-exec-1 com.rbc.stock.controller.StockDataController - Exiting StockDataController.displayHomePage()
DEBUG http-nio-8080-exec-2 com.rbc.stock.controller.StockDataController - Entering StockDataController.saveBulkData()
DEBUG http-nio-8080-exec-2 com.rbc.stock.controller.StockDataController - Entering StockDataDaoImpl.uploadBulkData()
DEBUG http-nio-8080-exec-2 com.rbc.stock.controller.StockDataController - Exiting StockDataDaoImpl.uploadBulkData()
DEBUG http-nio-8080-exec-2 com.rbc.stock.controller.StockDataController - Exiting StockDataController.saveStockData()
DEBUG http-nio-8080-exec-3 com.rbc.stock.controller.StockDataController - Entering StockDataController.saveBulkData()
DEBUG http-nio-8080-exec-3 com.rbc.stock.controller.StockDataController - Entering StockDataDaoImpl.uploadBulkData()
DEBUG http-nio-8080-exec-3 com.rbc.stock.controller.StockDataController - Exiting StockDataDaoImpl.uploadBulkData()
DEBUG http-nio-8080-exec-3 com.rbc.stock.controller.StockDataController - Exiting StockDataController.saveStockData()
DEBUG http-nio-8080-exec-4 com.rbc.stock.controller.StockDataController - Entering StockDataController.displayStockForm()
DEBUG http-nio-8080-exec-4 com.rbc.stock.controller.StockDataController - Exiting StockDataController.displayStockForm()
DEBUG http-nio-8080-exec-1 com.rbc.stock.controller.StockDataController - Entering StockDataController.displayHomePage()
DEBUG http-nio-8080-exec-1 com.rbc.stock.controller.StockDataController - Exiting StockDataController.displayHomePage()
DEBUG http-nio-8080-exec-2 com.rbc.stock.controller.StockDataController - Entering StockDataController.displayHomePage()
DEBUG http-nio-8080-exec-2 com.rbc.stock.controller.StockDataController - Exiting StockDataController.displayHomePage()
DEBUG http-nio-8080-exec-3 com.rbc.stock.controller.StockDataController - Entering StockDataController.saveBulkData()
DEBUG http-nio-8080-exec-3 com.rbc.stock.controller.StockDataController - Entering StockDataDaoImpl.uploadBulkData()
DEBUG http-nio-8080-exec-3 com.rbc.stock.controller.StockDataController - Exiting StockDataDaoImpl.uploadBulkData()
DEBUG http-nio-8080-exec-3 com.rbc.stock.controller.StockDataController - Exiting StockDataController.saveStockData()
DEBUG http-nio-8080-exec-4 com.rbc.stock.controller.StockDataController - Entering StockDataController.displayStockForm()
DEBUG http-nio-8080-exec-4 com.rbc.stock.controller.StockDataController - Exiting StockDataController.displayStockForm()
DEBUG http-nio-8080-exec-1 com.rbc.stock.controller.StockDataController - Entering StockDataController.displayHomePage()
DEBUG http-nio-8080-exec-1 com.rbc.stock.controller.StockDataController - Exiting StockDataController.displayHomePage()
DEBUG http-nio-8080-exec-2 com.rbc.stock.controller.StockDataController - Entering StockDataController.displayHomePage()
DEBUG http-nio-8080-exec-2 com.rbc.stock.controller.StockDataController - Exiting StockDataController.displayHomePage()
DEBUG http-nio-8080-exec-3 com.rbc.stock.controller.StockDataController - Entering StockDataController.saveBulkData()
DEBUG http-nio-8080-exec-3 com.rbc.stock.controller.StockDataController - Entering StockDataDaoImpl.uploadBulkData()
DEBUG http-nio-8080-exec-3 com.rbc.stock.controller.StockDataController - Exiting StockDataDaoImpl.uploadBulkData()
DEBUG http-nio-8080-exec-3 com.rbc.stock.controller.StockDataController - Exiting StockDataController.saveStockData()
DEBUG http-nio-8080-exec-4 com.rbc.stock.controller.StockDataController - Entering StockDataController.displayStockForm()
DEBUG http-nio-8080-exec-4 com.rbc.stock.controller.StockDataController - Exiting StockDataController.displayStockForm()
DEBUG http-nio-8080-exec-5 com.rbc.stock.controller.StockDataController - Entering StockDataController.saveStockData()
DEBUG http-nio-8080-exec-5 com.rbc.stock.controller.StockDataController - Entering StockDataServiceImpl.insertStockData()
DEBUG http-nio-8080-exec-5 com.rbc.stock.controller.StockDataController - Exiting StockDataServiceImpl.insertStockData()
DEBUG http-nio-8080-exec-5 com.rbc.stock.controller.StockDataController - Exiting StockDataController.saveStockData()
DEBUG http-nio-8080-exec-1 com.rbc.stock.controller.StockDataController - Entering StockDataController.displayHomePage()
DEBUG http-nio-8080-exec-1 com.rbc.stock.controller.StockDataController - Exiting StockDataController.displayHomePage()
DEBUG http-nio-8080-exec-2 com.rbc.stock.controller.StockDataController - Entering StockDataController.displayHomePage()
DEBUG http-nio-8080-exec-2 com.rbc.stock.controller.StockDataController - Exiting StockDataController.displayHomePage()
DEBUG http-nio-8080-exec-3 com.rbc.stock.controller.StockDataController - Entering StockDataController.saveBulkData()
DEBUG http-nio-8080-exec-3 com.rbc.stock.controller.StockDataController - Entering StockDataDaoImpl.uploadBulkData()
DEBUG http-nio-8080-exec-3 com.rbc.stock.controller.StockDataController - Exiting StockDataDaoImpl.uploadBulkData()
DEBUG http-nio-8080-exec-3 com.rbc.stock.controller.StockDataController - Exiting StockDataController.saveStockData()
DEBUG http-nio-8080-exec-1 com.rbc.stock.controller.StockDataController - Entering StockDataController.displayHomePage()
DEBUG http-nio-8080-exec-1 com.rbc.stock.controller.StockDataController - Exiting StockDataController.displayHomePage()
DEBUG http-nio-8080-exec-2 com.rbc.stock.controller.StockDataController - Entering StockDataController.displayHomePage()
DEBUG http-nio-8080-exec-2 com.rbc.stock.controller.StockDataController - Exiting StockDataController.displayHomePage()
DEBUG http-nio-8080-exec-3 com.rbc.stock.controller.StockDataController - Entering StockDataController.saveBulkData()
DEBUG http-nio-8080-exec-3 com.rbc.stock.controller.StockDataController - Entering StockDataDaoImpl.uploadBulkData()
DEBUG http-nio-8080-exec-3 com.rbc.stock.controller.StockDataController - Exiting StockDataDaoImpl.uploadBulkData()
DEBUG http-nio-8080-exec-3 com.rbc.stock.controller.StockDataController - Exiting StockDataController.saveStockData()
DEBUG http-nio-8080-exec-1 com.rbc.stock.controller.StockDataController - Entering StockDataController.displayHomePage()
DEBUG http-nio-8080-exec-1 com.rbc.stock.controller.StockDataController - Exiting StockDataController.displayHomePage()
DEBUG http-nio-8080-exec-2 com.rbc.stock.controller.StockDataController - Entering StockDataController.displayHomePage()
DEBUG http-nio-8080-exec-2 com.rbc.stock.controller.StockDataController - Exiting StockDataController.displayHomePage()
DEBUG http-nio-8080-exec-3 com.rbc.stock.controller.StockDataController - Entering StockDataController.saveBulkData()
DEBUG http-nio-8080-exec-3 com.rbc.stock.controller.StockDataController - Entering StockDataDaoImpl.uploadBulkData()
DEBUG http-nio-8080-exec-3 com.rbc.stock.controller.StockDataController - Exiting StockDataDaoImpl.uploadBulkData()
DEBUG http-nio-8080-exec-3 com.rbc.stock.controller.StockDataController - Exiting StockDataController.saveStockData()
DEBUG http-nio-8080-exec-1 com.rbc.stock.controller.StockDataController - Entering StockDataController.displayHomePage()
DEBUG http-nio-8080-exec-1 com.rbc.stock.controller.StockDataController - Exiting StockDataController.displayHomePage()
DEBUG http-nio-8080-exec-2 com.rbc.stock.controller.StockDataController - Entering StockDataController.saveBulkData()
DEBUG http-nio-8080-exec-2 com.rbc.stock.controller.StockDataController - Entering StockDataDaoImpl.uploadBulkData()
DEBUG http-nio-8080-exec-2 com.rbc.stock.controller.StockDataController - Exiting StockDataDaoImpl.uploadBulkData()
DEBUG http-nio-8080-exec-2 com.rbc.stock.controller.StockDataController - Exiting StockDataController.saveStockData()
DEBUG http-nio-8080-exec-3 com.rbc.stock.controller.StockDataController - Entering StockDataController.saveBulkData()
DEBUG http-nio-8080-exec-3 com.rbc.stock.controller.StockDataController - Entering StockDataDaoImpl.uploadBulkData()
DEBUG http-nio-8080-exec-3 com.rbc.stock.controller.StockDataController - Exiting StockDataDaoImpl.uploadBulkData()
DEBUG http-nio-8080-exec-3 com.rbc.stock.controller.StockDataController - Exiting StockDataController.saveStockData()
DEBUG http-nio-8080-exec-4 com.rbc.stock.controller.StockDataController - Entering StockDataController.saveBulkData()
DEBUG http-nio-8080-exec-4 com.rbc.stock.controller.StockDataController - Entering StockDataDaoImpl.uploadBulkData()
DEBUG http-nio-8080-exec-4 com.rbc.stock.controller.StockDataController - Exiting StockDataDaoImpl.uploadBulkData()
DEBUG http-nio-8080-exec-4 com.rbc.stock.controller.StockDataController - Exiting StockDataController.saveStockData()
DEBUG http-nio-8080-exec-5 com.rbc.stock.controller.StockDataController - Entering StockDataController.displayStockForm()
DEBUG http-nio-8080-exec-5 com.rbc.stock.controller.StockDataController - Exiting StockDataController.displayStockForm()
DEBUG http-nio-8080-exec-6 com.rbc.stock.controller.StockDataController - Entering StockDataController.displayHomePage()
DEBUG http-nio-8080-exec-6 com.rbc.stock.controller.StockDataController - Exiting StockDataController.displayHomePage()
DEBUG http-nio-8080-exec-1 com.rbc.stock.controller.StockDataController - Entering StockDataController.displayHomePage()
DEBUG http-nio-8080-exec-1 com.rbc.stock.controller.StockDataController - Exiting StockDataController.displayHomePage()
DEBUG http-nio-8080-exec-2 com.rbc.stock.controller.StockDataController - Entering StockDataController.displayHomePage()
DEBUG http-nio-8080-exec-2 com.rbc.stock.controller.StockDataController - Exiting StockDataController.displayHomePage()
DEBUG http-nio-8080-exec-3 com.rbc.stock.controller.StockDataController - Entering StockDataController.saveBulkData()
DEBUG http-nio-8080-exec-3 com.rbc.stock.controller.StockDataController - Entering StockDataDaoImpl.uploadBulkData()
DEBUG http-nio-8080-exec-3 com.rbc.stock.controller.StockDataController - Exiting StockDataDaoImpl.uploadBulkData()
DEBUG http-nio-8080-exec-3 com.rbc.stock.controller.StockDataController - Exiting StockDataController.saveStockData()
DEBUG http-nio-8080-exec-4 com.rbc.stock.controller.StockDataController - Entering StockDataController.displayStockForm()
DEBUG http-nio-8080-exec-4 com.rbc.stock.controller.StockDataController - Exiting StockDataController.displayStockForm()
DEBUG http-nio-8080-exec-1 com.rbc.stock.controller.StockDataController - Entering StockDataController.displayHomePage()
DEBUG http-nio-8080-exec-1 com.rbc.stock.controller.StockDataController - Exiting StockDataController.displayHomePage()
DEBUG http-nio-8080-exec-2 com.rbc.stock.controller.StockDataController - Entering StockDataController.displayHomePage()
DEBUG http-nio-8080-exec-2 com.rbc.stock.controller.StockDataController - Exiting StockDataController.displayHomePage()
DEBUG http-nio-8080-exec-3 com.rbc.stock.controller.StockDataController - Entering StockDataController.saveBulkData()
DEBUG http-nio-8080-exec-3 com.rbc.stock.controller.StockDataController - Entering StockDataDaoImpl.uploadBulkData()
DEBUG http-nio-8080-exec-3 com.rbc.stock.controller.StockDataController - Exiting StockDataDaoImpl.uploadBulkData()
DEBUG http-nio-8080-exec-3 com.rbc.stock.controller.StockDataController - Exiting StockDataController.saveStockData()
DEBUG http-nio-8080-exec-4 com.rbc.stock.controller.StockDataController - Entering StockDataController.saveBulkData()
DEBUG http-nio-8080-exec-4 com.rbc.stock.controller.StockDataController - Entering StockDataDaoImpl.uploadBulkData()
ERROR http-nio-8080-exec-4 com.rbc.stock.controller.StockDataController - [Ljava.lang.StackTraceElement;@4d5632ee
DEBUG http-nio-8080-exec-4 com.rbc.stock.controller.StockDataController - Exiting StockDataController.saveStockData()
DEBUG http-nio-8080-exec-5 com.rbc.stock.controller.StockDataController - Entering StockDataController.displayStockForm()
DEBUG http-nio-8080-exec-5 com.rbc.stock.controller.StockDataController - Exiting StockDataController.displayStockForm()
DEBUG http-nio-8080-exec-6 com.rbc.stock.controller.StockDataController - Entering StockDataController.displayHomePage()
DEBUG http-nio-8080-exec-6 com.rbc.stock.controller.StockDataController - Exiting StockDataController.displayHomePage()
DEBUG http-nio-8080-exec-1 com.rbc.stock.controller.StockDataController - Entering StockDataController.displayHomePage()
DEBUG http-nio-8080-exec-1 com.rbc.stock.controller.StockDataController - Exiting StockDataController.displayHomePage()
DEBUG http-nio-8080-exec-2 com.rbc.stock.controller.StockDataController - Entering StockDataController.displayHomePage()
DEBUG http-nio-8080-exec-2 com.rbc.stock.controller.StockDataController - Exiting StockDataController.displayHomePage()
DEBUG http-nio-8080-exec-1 com.rbc.stock.controller.StockDataController - Entering StockDataController.displayHomePage()
DEBUG http-nio-8080-exec-1 com.rbc.stock.controller.StockDataController - Exiting StockDataController.displayHomePage()
DEBUG http-nio-8080-exec-2 com.rbc.stock.controller.StockDataController - Entering StockDataController.displayHomePage()
DEBUG http-nio-8080-exec-2 com.rbc.stock.controller.StockDataController - Exiting StockDataController.displayHomePage()
DEBUG http-nio-8080-exec-3 com.rbc.stock.controller.StockDataController - Entering StockDataController.getStockDetailsForQuarter()
DEBUG http-nio-8080-exec-3 com.rbc.stock.controller.StockDataController - Exiting StockDataController.getStockDetailsForQuarter()
DEBUG http-nio-8080-exec-4 com.rbc.stock.controller.StockDataController - Entering StockDataController.getStockDetailsForQuarter()
DEBUG http-nio-8080-exec-4 com.rbc.stock.controller.StockDataController - Exiting StockDataController.getStockDetailsForQuarter()
DEBUG http-nio-8080-exec-5 com.rbc.stock.controller.StockDataController - Entering StockDataController.saveBulkData()
DEBUG http-nio-8080-exec-5 com.rbc.stock.controller.StockDataController - Entering StockDataDaoImpl.uploadBulkData()
ERROR http-nio-8080-exec-5 com.rbc.stock.controller.StockDataController - [Ljava.lang.StackTraceElement;@e64083d
DEBUG http-nio-8080-exec-5 com.rbc.stock.controller.StockDataController - Exiting StockDataController.saveStockData()
DEBUG http-nio-8080-exec-6 com.rbc.stock.controller.StockDataController - Entering StockDataController.displayStockForm()
DEBUG http-nio-8080-exec-6 com.rbc.stock.controller.StockDataController - Exiting StockDataController.displayStockForm()
DEBUG http-nio-8080-exec-1 com.rbc.stock.controller.StockDataController - Entering StockDataController.saveBulkData()
DEBUG http-nio-8080-exec-1 com.rbc.stock.controller.StockDataController - Entering StockDataDaoImpl.uploadBulkData()
DEBUG http-nio-8080-exec-1 com.rbc.stock.controller.StockDataController - Exiting StockDataDaoImpl.uploadBulkData()
DEBUG http-nio-8080-exec-1 com.rbc.stock.controller.StockDataController - Exiting StockDataController.saveStockData()
DEBUG http-nio-8080-exec-2 com.rbc.stock.controller.StockDataController - Entering StockDataController.displayStockForm()
DEBUG http-nio-8080-exec-2 com.rbc.stock.controller.StockDataController - Exiting StockDataController.displayStockForm()
DEBUG http-nio-8080-exec-6 com.rbc.stock.controller.StockDataController - Entering StockDataController.saveBulkData()
DEBUG http-nio-8080-exec-6 com.rbc.stock.controller.StockDataController - Entering StockDataDaoImpl.uploadBulkData()
DEBUG http-nio-8080-exec-6 com.rbc.stock.controller.StockDataController - Exiting StockDataDaoImpl.uploadBulkData()
DEBUG http-nio-8080-exec-6 com.rbc.stock.controller.StockDataController - Exiting StockDataController.saveStockData()
DEBUG http-nio-8080-exec-1 com.rbc.stock.controller.StockDataController - Entering StockDataController.displayHomePage()
DEBUG http-nio-8080-exec-1 com.rbc.stock.controller.StockDataController - Exiting StockDataController.displayHomePage()
DEBUG http-nio-8080-exec-2 com.rbc.stock.controller.StockDataController - Entering StockDataController.displayHomePage()
DEBUG http-nio-8080-exec-2 com.rbc.stock.controller.StockDataController - Exiting StockDataController.displayHomePage()
DEBUG http-nio-8080-exec-3 com.rbc.stock.controller.StockDataController - Entering StockDataController.saveBulkData()
DEBUG http-nio-8080-exec-3 com.rbc.stock.controller.StockDataController - Entering StockDataDaoImpl.uploadBulkData()
DEBUG http-nio-8080-exec-3 com.rbc.stock.controller.StockDataController - Exiting StockDataDaoImpl.uploadBulkData()
DEBUG http-nio-8080-exec-3 com.rbc.stock.controller.StockDataController - Exiting StockDataController.saveStockData()
DEBUG http-nio-8080-exec-4 com.rbc.stock.controller.StockDataController - Entering StockDataController.displayStockForm()
DEBUG http-nio-8080-exec-4 com.rbc.stock.controller.StockDataController - Exiting StockDataController.displayStockForm()
DEBUG http-nio-8080-exec-1 com.rbc.stock.controller.StockDataController - Entering StockDataController.displayHomePage()
DEBUG http-nio-8080-exec-1 com.rbc.stock.controller.StockDataController - Exiting StockDataController.displayHomePage()
DEBUG http-nio-8080-exec-2 com.rbc.stock.controller.StockDataController - Entering StockDataController.displayHomePage()
DEBUG http-nio-8080-exec-2 com.rbc.stock.controller.StockDataController - Exiting StockDataController.displayHomePage()
DEBUG http-nio-8080-exec-3 com.rbc.stock.controller.StockDataController - Entering StockDataController.saveBulkData()
DEBUG http-nio-8080-exec-3 com.rbc.stock.controller.StockDataController - Entering StockDataDaoImpl.uploadBulkData()
DEBUG http-nio-8080-exec-3 com.rbc.stock.controller.StockDataController - Exiting StockDataDaoImpl.uploadBulkData()
DEBUG http-nio-8080-exec-3 com.rbc.stock.controller.StockDataController - Exiting StockDataController.saveStockData()
DEBUG http-nio-8080-exec-4 com.rbc.stock.controller.StockDataController - Entering StockDataController.displayStockForm()
DEBUG http-nio-8080-exec-4 com.rbc.stock.controller.StockDataController - Exiting StockDataController.displayStockForm()
DEBUG http-nio-8080-exec-5 com.rbc.stock.controller.StockDataController - Entering StockDataController.getStockDetailsForQuarter()
DEBUG http-nio-8080-exec-5 com.rbc.stock.controller.StockDataController - Exiting StockDataController.getStockDetailsForQuarter()
DEBUG http-nio-8080-exec-1 com.rbc.stock.controller.StockDataController - Entering StockDataController.displayHomePage()
DEBUG http-nio-8080-exec-1 com.rbc.stock.controller.StockDataController - Exiting StockDataController.displayHomePage()
DEBUG http-nio-8080-exec-2 com.rbc.stock.controller.StockDataController - Entering StockDataController.displayHomePage()
DEBUG http-nio-8080-exec-2 com.rbc.stock.controller.StockDataController - Exiting StockDataController.displayHomePage()
DEBUG http-nio-8080-exec-3 com.rbc.stock.controller.StockDataController - Entering StockDataController.saveBulkData()
DEBUG http-nio-8080-exec-3 com.rbc.stock.controller.StockDataController - Entering StockDataDaoImpl.uploadBulkData()
DEBUG http-nio-8080-exec-3 com.rbc.stock.controller.StockDataController - Exiting StockDataDaoImpl.uploadBulkData()
DEBUG http-nio-8080-exec-3 com.rbc.stock.controller.StockDataController - Exiting StockDataController.saveStockData()
DEBUG http-nio-8080-exec-4 com.rbc.stock.controller.StockDataController - Entering StockDataController.displayStockForm()
DEBUG http-nio-8080-exec-4 com.rbc.stock.controller.StockDataController - Exiting StockDataController.displayStockForm()
DEBUG http-nio-8080-exec-5 com.rbc.stock.controller.StockDataController - Entering StockDataController.getStockDetailsForQuarter()
DEBUG http-nio-8080-exec-5 com.rbc.stock.controller.StockDataController - Exiting StockDataController.getStockDetailsForQuarter()
DEBUG http-nio-8080-exec-1 com.rbc.stock.controller.StockDataController - Entering StockDataController.displayHomePage()
DEBUG http-nio-8080-exec-1 com.rbc.stock.controller.StockDataController - Exiting StockDataController.displayHomePage()
DEBUG http-nio-8080-exec-2 com.rbc.stock.controller.StockDataController - Entering StockDataController.displayHomePage()
DEBUG http-nio-8080-exec-2 com.rbc.stock.controller.StockDataController - Exiting StockDataController.displayHomePage()
DEBUG http-nio-8080-exec-3 com.rbc.stock.controller.StockDataController - Entering StockDataController.displayHomePage()
DEBUG http-nio-8080-exec-3 com.rbc.stock.controller.StockDataController - Exiting StockDataController.displayHomePage()
DEBUG http-nio-8080-exec-4 com.rbc.stock.controller.StockDataController - Entering StockDataController.getStockDetailsForQuarter()
DEBUG http-nio-8080-exec-4 com.rbc.stock.controller.StockDataController - Exiting StockDataController.getStockDetailsForQuarter()
DEBUG http-nio-8080-exec-1 com.rbc.stock.controller.StockDataController - Entering StockDataController.displayHomePage()
DEBUG http-nio-8080-exec-1 com.rbc.stock.controller.StockDataController - Exiting StockDataController.displayHomePage()
DEBUG http-nio-8080-exec-2 com.rbc.stock.controller.StockDataController - Entering StockDataController.getStockDetailsForQuarter()
DEBUG http-nio-8080-exec-2 com.rbc.stock.controller.StockDataController - Exiting StockDataController.getStockDetailsForQuarter()
DEBUG http-nio-8080-exec-1 com.rbc.stock.controller.StockDataController - Entering StockDataController.displayHomePage()
DEBUG http-nio-8080-exec-1 com.rbc.stock.controller.StockDataController - Exiting StockDataController.displayHomePage()
DEBUG http-nio-8080-exec-2 com.rbc.stock.controller.StockDataController - Entering StockDataController.getStockDetailsForQuarter()
DEBUG http-nio-8080-exec-2 com.rbc.stock.controller.StockDataController - Exiting StockDataController.getStockDetailsForQuarter()
DEBUG http-nio-8080-exec-4 com.rbc.stock.controller.StockDataController - Entering StockDataController.saveBulkData()
DEBUG http-nio-8080-exec-4 com.rbc.stock.controller.StockDataController - Entering StockDataDaoImpl.uploadBulkData()
DEBUG http-nio-8080-exec-4 com.rbc.stock.controller.StockDataController - Exiting StockDataDaoImpl.uploadBulkData()
DEBUG http-nio-8080-exec-4 com.rbc.stock.controller.StockDataController - Exiting StockDataController.saveStockData()
DEBUG http-nio-8080-exec-3 com.rbc.stock.controller.StockDataController - Entering StockDataController.getStockDetailsForQuarter()
DEBUG http-nio-8080-exec-3 com.rbc.stock.controller.StockDataController - Exiting StockDataController.getStockDetailsForQuarter()
DEBUG http-nio-8080-exec-1 com.rbc.stock.controller.StockDataController - Entering StockDataController.displayHomePage()
DEBUG http-nio-8080-exec-1 com.rbc.stock.controller.StockDataController - Exiting StockDataController.displayHomePage()
DEBUG http-nio-8080-exec-3 com.rbc.stock.controller.StockDataController - Entering StockDataController.displayHomePage()
DEBUG http-nio-8080-exec-3 com.rbc.stock.controller.StockDataController - Exiting StockDataController.displayHomePage()
DEBUG http-nio-8080-exec-6 com.rbc.stock.controller.StockDataController - Entering StockDataController.displayHomePage()
DEBUG http-nio-8080-exec-6 com.rbc.stock.controller.StockDataController - Exiting StockDataController.displayHomePage()
DEBUG http-nio-8080-exec-5 com.rbc.stock.controller.StockDataController - Entering StockDataController.getStockDetailsForQuarter()
DEBUG http-nio-8080-exec-5 com.rbc.stock.controller.StockDataController - Exiting StockDataController.getStockDetailsForQuarter()
DEBUG http-nio-8080-exec-7 com.rbc.stock.controller.StockDataController - Entering StockDataController.saveBulkData()
DEBUG http-nio-8080-exec-7 com.rbc.stock.controller.StockDataController - Entering StockDataDaoImpl.uploadBulkData()
DEBUG http-nio-8080-exec-7 com.rbc.stock.controller.StockDataController - Exiting StockDataDaoImpl.uploadBulkData()
DEBUG http-nio-8080-exec-7 com.rbc.stock.controller.StockDataController - Exiting StockDataController.saveStockData()
DEBUG http-nio-8080-exec-8 com.rbc.stock.controller.StockDataController - Entering StockDataController.getStockDetailsForQuarter()
DEBUG http-nio-8080-exec-8 com.rbc.stock.controller.StockDataController - Exiting StockDataController.getStockDetailsForQuarter()
DEBUG http-nio-8080-exec-9 com.rbc.stock.controller.StockDataController - Entering StockDataController.saveBulkData()
DEBUG http-nio-8080-exec-9 com.rbc.stock.controller.StockDataController - Entering StockDataDaoImpl.uploadBulkData()
DEBUG http-nio-8080-exec-9 com.rbc.stock.controller.StockDataController - Exiting StockDataDaoImpl.uploadBulkData()
DEBUG http-nio-8080-exec-9 com.rbc.stock.controller.StockDataController - Exiting StockDataController.saveStockData()
DEBUG http-nio-8080-exec-10 com.rbc.stock.controller.StockDataController - Entering StockDataController.getStockDetailsForQuarter()
DEBUG http-nio-8080-exec-10 com.rbc.stock.controller.StockDataController - Exiting StockDataController.getStockDetailsForQuarter()
DEBUG http-nio-8080-exec-1 com.rbc.stock.controller.StockDataController - Entering StockDataController.displayStockForm()
DEBUG http-nio-8080-exec-1 com.rbc.stock.controller.StockDataController - Exiting StockDataController.displayStockForm()
DEBUG http-nio-8080-exec-2 com.rbc.stock.controller.StockDataController - Entering StockDataController.saveStockData()
DEBUG http-nio-8080-exec-2 com.rbc.stock.controller.StockDataController - Entering StockDataServiceImpl.insertStockData()
DEBUG http-nio-8080-exec-2 com.rbc.stock.controller.StockDataController - Exiting StockDataServiceImpl.insertStockData()
DEBUG http-nio-8080-exec-2 com.rbc.stock.controller.StockDataController - Exiting StockDataController.saveStockData()
DEBUG http-nio-8080-exec-4 com.rbc.stock.controller.StockDataController - Entering StockDataController.getStockDetailsForQuarter()
DEBUG http-nio-8080-exec-4 com.rbc.stock.controller.StockDataController - Exiting StockDataController.getStockDetailsForQuarter()
DEBUG http-nio-8080-exec-6 com.rbc.stock.controller.StockDataController - Entering StockDataController.saveBulkData()
DEBUG http-nio-8080-exec-6 com.rbc.stock.controller.StockDataController - Entering StockDataDaoImpl.uploadBulkData()
DEBUG http-nio-8080-exec-6 com.rbc.stock.controller.StockDataController - Exiting StockDataDaoImpl.uploadBulkData()
DEBUG http-nio-8080-exec-6 com.rbc.stock.controller.StockDataController - Exiting StockDataController.saveStockData()
DEBUG http-nio-8080-exec-2 com.rbc.stock.controller.StockDataController - Entering StockDataController.displayHomePage()
DEBUG http-nio-8080-exec-2 com.rbc.stock.controller.StockDataController - Exiting StockDataController.displayHomePage()
DEBUG http-nio-8080-exec-1 com.rbc.stock.controller.StockDataController - Entering StockDataController.displayHomePage()
DEBUG http-nio-8080-exec-1 com.rbc.stock.controller.StockDataController - Exiting StockDataController.displayHomePage()
DEBUG http-nio-8080-exec-3 com.rbc.stock.controller.StockDataController - Entering StockDataController.displayStockForm()
DEBUG http-nio-8080-exec-3 com.rbc.stock.controller.StockDataController - Exiting StockDataController.displayStockForm()
DEBUG http-nio-8080-exec-4 com.rbc.stock.controller.StockDataController - Entering StockDataController.displayStockForm()
DEBUG http-nio-8080-exec-4 com.rbc.stock.controller.StockDataController - Exiting StockDataController.displayStockForm()
DEBUG http-nio-8080-exec-5 com.rbc.stock.controller.StockDataController - Entering StockDataController.saveStockData()
DEBUG http-nio-8080-exec-5 com.rbc.stock.controller.StockDataController - Entering StockDataServiceImpl.insertStockData()
DEBUG http-nio-8080-exec-5 com.rbc.stock.controller.StockDataController - Exiting StockDataServiceImpl.insertStockData()
DEBUG http-nio-8080-exec-5 com.rbc.stock.controller.StockDataController - Exiting StockDataController.saveStockData()
DEBUG http-nio-8080-exec-6 com.rbc.stock.controller.StockDataController - Entering StockDataController.getStockDetailsForQuarter()
DEBUG http-nio-8080-exec-6 com.rbc.stock.controller.StockDataController - Exiting StockDataController.getStockDetailsForQuarter()
DEBUG http-nio-8080-exec-2 com.rbc.stock.controller.StockDataController - Entering StockDataController.displayHomePage()
DEBUG http-nio-8080-exec-1 com.rbc.stock.controller.StockDataController - Entering StockDataController.displayHomePage()
DEBUG http-nio-8080-exec-4 com.rbc.stock.controller.StockDataController - Entering StockDataController.displayHomePage()
DEBUG http-nio-8080-exec-2 com.rbc.stock.controller.StockDataController - Exiting StockDataController.displayHomePage()
DEBUG http-nio-8080-exec-4 com.rbc.stock.controller.StockDataController - Exiting StockDataController.displayHomePage()
DEBUG http-nio-8080-exec-1 com.rbc.stock.controller.StockDataController - Exiting StockDataController.displayHomePage()
DEBUG http-nio-8080-exec-3 com.rbc.stock.controller.StockDataController - Entering StockDataController.displayHomePage()
DEBUG http-nio-8080-exec-3 com.rbc.stock.controller.StockDataController - Exiting StockDataController.displayHomePage()
DEBUG http-nio-8080-exec-5 com.rbc.stock.controller.StockDataController - Entering StockDataController.displayHomePage()
DEBUG http-nio-8080-exec-5 com.rbc.stock.controller.StockDataController - Exiting StockDataController.displayHomePage()
DEBUG http-nio-8080-exec-6 com.rbc.stock.controller.StockDataController - Entering StockDataController.displayHomePage()
DEBUG http-nio-8080-exec-6 com.rbc.stock.controller.StockDataController - Exiting StockDataController.displayHomePage()
DEBUG http-nio-8080-exec-7 com.rbc.stock.controller.StockDataController - Entering StockDataController.displayHomePage()
DEBUG http-nio-8080-exec-7 com.rbc.stock.controller.StockDataController - Exiting StockDataController.displayHomePage()
DEBUG http-nio-8080-exec-1 com.rbc.stock.controller.StockDataController - Entering StockDataController.displayHomePage()
DEBUG http-nio-8080-exec-1 com.rbc.stock.controller.StockDataController - Exiting StockDataController.displayHomePage()
DEBUG http-nio-8080-exec-5 com.rbc.stock.controller.StockDataController - Entering StockDataController.displayHomePage()
DEBUG http-nio-8080-exec-5 com.rbc.stock.controller.StockDataController - Exiting StockDataController.displayHomePage()
DEBUG http-nio-8080-exec-6 com.rbc.stock.controller.StockDataController - Entering StockDataController.displayHomePage()
DEBUG http-nio-8080-exec-6 com.rbc.stock.controller.StockDataController - Exiting StockDataController.displayHomePage()
DEBUG http-nio-8080-exec-3 com.rbc.stock.controller.StockDataController - Entering StockDataController.getStockDetailsForQuarter()
DEBUG http-nio-8080-exec-3 com.rbc.stock.controller.StockDataController - Exiting StockDataController.getStockDetailsForQuarter()
DEBUG http-nio-8080-exec-2 com.rbc.stock.controller.StockDataController - Entering StockDataController.saveBulkData()
DEBUG http-nio-8080-exec-2 com.rbc.stock.controller.StockDataController - Entering StockDataDaoImpl.uploadBulkData()
DEBUG http-nio-8080-exec-2 com.rbc.stock.controller.StockDataController - Exiting StockDataDaoImpl.uploadBulkData()
DEBUG http-nio-8080-exec-2 com.rbc.stock.controller.StockDataController - Exiting StockDataController.saveStockData()
DEBUG http-nio-8080-exec-4 com.rbc.stock.controller.StockDataController - Entering StockDataController.getStockDetailsForQuarter()
DEBUG http-nio-8080-exec-4 com.rbc.stock.controller.StockDataController - Exiting StockDataController.getStockDetailsForQuarter()
DEBUG http-nio-8080-exec-7 com.rbc.stock.controller.StockDataController - Entering StockDataController.displayStockForm()
DEBUG http-nio-8080-exec-7 com.rbc.stock.controller.StockDataController - Exiting StockDataController.displayStockForm()
DEBUG http-nio-8080-exec-8 com.rbc.stock.controller.StockDataController - Entering StockDataController.getStockDetailsForQuarter()
DEBUG http-nio-8080-exec-8 com.rbc.stock.controller.StockDataController - Exiting StockDataController.getStockDetailsForQuarter()
DEBUG http-nio-8080-exec-10 com.rbc.stock.controller.StockDataController - Entering StockDataController.getStockDetailsForQuarter()
DEBUG http-nio-8080-exec-10 com.rbc.stock.controller.StockDataController - Exiting StockDataController.getStockDetailsForQuarter()
DEBUG http-nio-8080-exec-9 com.rbc.stock.controller.StockDataController - Entering StockDataController.saveBulkData()
DEBUG http-nio-8080-exec-9 com.rbc.stock.controller.StockDataController - Entering StockDataDaoImpl.uploadBulkData()
ERROR http-nio-8080-exec-9 com.rbc.stock.controller.StockDataController - [Ljava.lang.StackTraceElement;@bed2f5
DEBUG http-nio-8080-exec-9 com.rbc.stock.controller.StockDataController - Exiting StockDataController.saveStockData()
DEBUG http-nio-8080-exec-5 com.rbc.stock.controller.StockDataController - Entering StockDataController.getStockDetailsForQuarter()
DEBUG http-nio-8080-exec-5 com.rbc.stock.controller.StockDataController - Exiting StockDataController.getStockDetailsForQuarter()
DEBUG http-nio-8080-exec-6 com.rbc.stock.controller.StockDataController - Entering StockDataController.displayStockForm()
DEBUG http-nio-8080-exec-6 com.rbc.stock.controller.StockDataController - Exiting StockDataController.displayStockForm()
DEBUG http-nio-8080-exec-3 com.rbc.stock.controller.StockDataController - Entering StockDataController.saveStockData()
DEBUG http-nio-8080-exec-3 com.rbc.stock.controller.StockDataController - Entering StockDataServiceImpl.insertStockData()
ERROR http-nio-8080-exec-3 com.rbc.stock.controller.StockDataController - [Ljava.lang.StackTraceElement;@4d5f81e8
DEBUG http-nio-8080-exec-2 com.rbc.stock.controller.StockDataController - Entering StockDataController.displayHomePage()
DEBUG http-nio-8080-exec-2 com.rbc.stock.controller.StockDataController - Exiting StockDataController.displayHomePage()
DEBUG http-nio-8080-exec-4 com.rbc.stock.controller.StockDataController - Entering StockDataController.displayStockForm()
DEBUG http-nio-8080-exec-4 com.rbc.stock.controller.StockDataController - Exiting StockDataController.displayStockForm()
DEBUG http-nio-8080-exec-7 com.rbc.stock.controller.StockDataController - Entering StockDataController.saveStockData()
DEBUG http-nio-8080-exec-7 com.rbc.stock.controller.StockDataController - Entering StockDataServiceImpl.insertStockData()
DEBUG http-nio-8080-exec-7 com.rbc.stock.controller.StockDataController - Exiting StockDataServiceImpl.insertStockData()
DEBUG http-nio-8080-exec-7 com.rbc.stock.controller.StockDataController - Exiting StockDataController.saveStockData()
DEBUG http-nio-8080-exec-8 com.rbc.stock.controller.StockDataController - Entering StockDataController.getStockDetailsForQuarter()
DEBUG http-nio-8080-exec-8 com.rbc.stock.controller.StockDataController - Exiting StockDataController.getStockDetailsForQuarter()
DEBUG http-nio-8080-exec-10 com.rbc.stock.controller.StockDataController - Entering StockDataController.displayHomePage()
DEBUG http-nio-8080-exec-10 com.rbc.stock.controller.StockDataController - Exiting StockDataController.displayHomePage()
DEBUG http-nio-8080-exec-5 com.rbc.stock.controller.StockDataController - Entering StockDataController.getStockDetailsForQuarter()
DEBUG http-nio-8080-exec-5 com.rbc.stock.controller.StockDataController - Exiting StockDataController.getStockDetailsForQuarter()
DEBUG http-nio-8080-exec-1 com.rbc.stock.controller.StockDataController - Entering StockDataController.getStockDetailsForQuarter()
DEBUG http-nio-8080-exec-1 com.rbc.stock.controller.StockDataController - Exiting StockDataController.getStockDetailsForQuarter()
DEBUG http-nio-8080-exec-6 com.rbc.stock.controller.StockDataController - Entering StockDataController.displayStockForm()
DEBUG http-nio-8080-exec-6 com.rbc.stock.controller.StockDataController - Exiting StockDataController.displayStockForm()
